Copyright 1986-2017 Xilinx, Inc. All Rights Reserved.
----------------------------------------------------------------------------------------
| Tool Version : Vivado v.2017.4 (win64) Build 2086221 Fri Dec 15 20:55:39 MST 2017
| Date         : Thu May 21 17:03:58 2026
| Host         : LAPTOP-I6SE7ELK running 64-bit major release  (build 9200)
| Command      : report_control_sets -verbose -file Computer_DP_control_sets_placed.rpt
| Design       : Computer_DP
| Device       : xc7a100t
----------------------------------------------------------------------------------------

Control Set Information

Table of Contents
-----------------
1. Summary
2. Flip-Flop Distribution
3. Detailed Control Set Information

1. Summary
----------

+----------------------------------------------------------+-------+
|                          Status                          | Count |
+----------------------------------------------------------+-------+
| Number of unique control sets                            |     3 |
| Unused register locations in slices containing registers |    11 |
+----------------------------------------------------------+-------+


2. Flip-Flop Distribution
-------------------------

+--------------+-----------------------+------------------------+-----------------+--------------+
| Clock Enable | Synchronous Set/Reset | Asynchronous Set/Reset | Total Registers | Total Slices |
+--------------+-----------------------+------------------------+-----------------+--------------+
| No           | No                    | No                     |              27 |            6 |
| No           | No                    | Yes                    |               0 |            0 |
| No           | Yes                   | No                     |               2 |            1 |
| Yes          | No                    | No                     |               0 |            0 |
| Yes          | No                    | Yes                    |               0 |            0 |
| Yes          | Yes                   | No                     |               0 |            0 |
+--------------+-----------------------+------------------------+-----------------+--------------+


3. Detailed Control Set Information
-----------------------------------

+-----------------------+---------------+------------------------------+------------------+----------------+
|      Clock Signal     | Enable Signal |       Set/Reset Signal       | Slice Load Count | Bel Load Count |
+-----------------------+---------------+------------------------------+------------------+----------------+
|  my_MEM/my_disp/_CLK2 |               | my_MEM/my_disp/SG[2]_i_1_n_0 |                1 |              2 |
|  CLK_IBUF_BUFG        |               |                              |                3 |             11 |
|  my_MEM/my_disp/_CLK2 |               |                              |                3 |             16 |
+-----------------------+---------------+------------------------------+------------------+----------------+


+--------+-----------------------+
| Fanout | Number of ControlSets |
+--------+-----------------------+
| 2      |                     1 |
| 11     |                     1 |
| 16+    |                     1 |
+--------+-----------------------+


