Unable to capture context for thread 9520 in process 3008, can not generate back trace
Unable to capture context for thread 23396 in process 3008, can not generate back trace
Exception at PC 0x00007FFA921A79DA
Exception at PC 0x00007FF962D5E132
Attemped to write at address 0x00007FFA04414AA4
Printing stacktrace...

[0]  [0x00007FF962D5E132]
[1]  [0x00007FF962D5E132]
[2]  [0x00007FF962D5E194]
[3]  [0x00007FF9629AD0D7]
[4]  [0x00007FF962892BCA]
[5]  [0x00007FF962892FD1]
[6]  [0x00007FF962D5EB2F]
[7]  [0x00007FF962C1C19D]
[8]  [0x00007FF962C15942]
[9]  [0x00007FF962C15AB5]
[10] (RtlEncodeRemotePointer+0x8a) [0x00007FFA94C7F7EA]
[11] (RtlRaiseException+0x14f3) [0x00007FFA94B2BC23]
[12] (LdrShutdownProcess+0x17f) [0x00007FFA94BAD36F]
[13] (RtlExitUserProcess+0x9e) [0x00007FFA94BAC53E]
[14] (FatalExit+0xb) [0x00007FFA93D718BB]
[15] (exit+0x89) [0x00007FFA92D1E2C9]
[16] (initterm_e+0x244) [0x00007FFA92D1E914]
[17]  [0x00000000004014CD]
[18]  [0x000000000040151B]
[19] (BaseThreadInitThunk+0x17) [0x00007FFA93D5E8D7]
[20] (RtlUserThreadStart+0x2c) [0x00007FFA94BAC3FC]
Done
